{"D:\\domain-test\\server\\src\\app.ts": {"path":"D:\\domain-test\\server\\src\\app.ts","statementMap":{"0":{"start":{"line":1,"column":0},"end":{"line":1,"column":53}},"1":{"start":{"line":2,"column":0},"end":{"line":2,"column":30}},"2":{"start":{"line":3,"column":11},"end":{"line":3,"column":26}},"3":{"start":{"line":5,"column":12},"end":{"line":5,"column":21}},"4":{"start":{"line":6,"column":13},"end":{"line":6,"column":17}},"5":{"start":{"line":9,"column":0},"end":{"line":9,"column":16}},"6":{"start":{"line":10,"column":0},"end":{"line":10,"column":24}},"7":{"start":{"line":13,"column":0},"end":{"line":13,"column":24}},"8":{"start":{"line":15,"column":0},"end":{"line":17,"column":3}},"9":{"start":{"line":16,"column":4},"end":{"line":16,"column":65}},"10":{"start":{"line":19,"column":0},"end":{"line":19,"column":19}}},"fnMap":{"0":{"name":"(anonymous_1)","decl":{"start":{"line":15,"column":17},"end":{"line":15,"column":20}},"loc":{"start":{"line":15,"column":22},"end":{"line":17,"column":1}}}},"branchMap":{},"s":{"0":1,"1":1,"2":1,"3":1,"4":1,"5":1,"6":1,"7":1,"8":1,"9":1,"10":1},"f":{"0":1},"b":{}}
,"D:\\domain-test\\server\\src\\config\\config.ts": {"path":"D:\\domain-test\\server\\src\\config\\config.ts","statementMap":{"0":{"start":{"line":1,"column":15},"end":{"line":4,"column":2}},"1":{"start":{"line":6,"column":0},"end":{"line":6,"column":22}}},"fnMap":{},"branchMap":{},"s":{"0":1,"1":1},"f":{},"b":{}}
,"D:\\domain-test\\server\\src\\config\\firebase.ts": {"path":"D:\\domain-test\\server\\src\\config\\firebase.ts","statementMap":{"0":{"start":{"line":1,"column":0},"end":{"line":1,"column":35}},"1":{"start":{"line":4,"column":0},"end":{"line":4,"column":80}},"2":{"start":{"line":6,"column":26},"end":{"line":6,"column":47}},"3":{"start":{"line":8,"column":0},"end":{"line":10,"column":3}},"4":{"start":{"line":12,"column":11},"end":{"line":12,"column":28}},"5":{"start":{"line":14,"column":0},"end":{"line":14,"column":18}}},"fnMap":{},"branchMap":{},"s":{"0":1,"1":1,"2":1,"3":1,"4":1,"5":1},"f":{},"b":{}}
,"D:\\domain-test\\server\\src\\controllers\\notes.ts": {"path":"D:\\domain-test\\server\\src\\controllers\\notes.ts","statementMap":{"0":{"start":{"line":1,"column":0},"end":{"line":1,"column":41}},"1":{"start":{"line":5,"column":0},"end":{"line":5,"column":55}},"2":{"start":{"line":13,"column":15},"end":{"line":30,"column":2}},"3":{"start":{"line":13,"column":53},"end":{"line":30,"column":2}},"4":{"start":{"line":14,"column":4},"end":{"line":29,"column":5}},"5":{"start":{"line":15,"column":22},"end":{"line":15,"column":63}},"6":{"start":{"line":16,"column":23},"end":{"line":16,"column":64}},"7":{"start":{"line":17,"column":23},"end":{"line":17,"column":55}},"8":{"start":{"line":19,"column":21},"end":{"line":24,"column":10}},"9":{"start":{"line":26,"column":8},"end":{"line":26,"column":75}},"10":{"start":{"line":28,"column":8},"end":{"line":28,"column":47}},"11":{"start":{"line":37,"column":15},"end":{"line":54,"column":2}},"12":{"start":{"line":37,"column":53},"end":{"line":54,"column":2}},"13":{"start":{"line":38,"column":45},"end":{"line":38,"column":53}},"14":{"start":{"line":40,"column":4},"end":{"line":46,"column":5}},"15":{"start":{"line":41,"column":8},"end":{"line":45,"column":10}},"16":{"start":{"line":48,"column":4},"end":{"line":53,"column":5}},"17":{"start":{"line":49,"column":24},"end":{"line":49,"column":71}},"18":{"start":{"line":50,"column":8},"end":{"line":50,"column":76}},"19":{"start":{"line":52,"column":8},"end":{"line":52,"column":47}},"20":{"start":{"line":61,"column":15},"end":{"line":82,"column":2}},"21":{"start":{"line":61,"column":53},"end":{"line":82,"column":2}},"22":{"start":{"line":62,"column":19},"end":{"line":62,"column":29}},"23":{"start":{"line":63,"column":54},"end":{"line":63,"column":62}},"24":{"start":{"line":65,"column":4},"end":{"line":71,"column":5}},"25":{"start":{"line":66,"column":8},"end":{"line":70,"column":10}},"26":{"start":{"line":73,"column":4},"end":{"line":81,"column":5}},"27":{"start":{"line":74,"column":28},"end":{"line":74,"column":79}},"28":{"start":{"line":75,"column":8},"end":{"line":77,"column":9}},"29":{"start":{"line":76,"column":12},"end":{"line":76,"column":66}},"30":{"start":{"line":78,"column":8},"end":{"line":78,"column":80}},"31":{"start":{"line":80,"column":8},"end":{"line":80,"column":47}},"32":{"start":{"line":89,"column":15},"end":{"line":109,"column":2}},"33":{"start":{"line":89,"column":53},"end":{"line":109,"column":2}},"34":{"start":{"line":90,"column":19},"end":{"line":90,"column":29}},"35":{"start":{"line":92,"column":4},"end":{"line":108,"column":5}},"36":{"start":{"line":93,"column":29},"end":{"line":93,"column":57}},"37":{"start":{"line":95,"column":8},"end":{"line":97,"column":9}},"38":{"start":{"line":96,"column":12},"end":{"line":96,"column":66}},"39":{"start":{"line":99,"column":8},"end":{"line":99,"column":36}},"40":{"start":{"line":100,"column":8},"end":{"line":105,"column":10}},"41":{"start":{"line":107,"column":8},"end":{"line":107,"column":47}},"42":{"start":{"line":111,"column":0},"end":{"line":111,"column":50}}},"fnMap":{"0":{"name":"(anonymous_8)","decl":{"start":{"line":13,"column":15},"end":{"line":13,"column":22}},"loc":{"start":{"line":13,"column":53},"end":{"line":30,"column":2}}},"1":{"name":"(anonymous_9)","decl":{"start":{"line":13,"column":53},"end":{"line":13,"column":null}},"loc":{"start":{"line":13,"column":53},"end":{"line":30,"column":1}}},"2":{"name":"(anonymous_10)","decl":{"start":{"line":37,"column":15},"end":{"line":37,"column":22}},"loc":{"start":{"line":37,"column":53},"end":{"line":54,"column":2}}},"3":{"name":"(anonymous_11)","decl":{"start":{"line":37,"column":53},"end":{"line":37,"column":null}},"loc":{"start":{"line":37,"column":53},"end":{"line":54,"column":1}}},"4":{"name":"(anonymous_12)","decl":{"start":{"line":61,"column":15},"end":{"line":61,"column":22}},"loc":{"start":{"line":61,"column":53},"end":{"line":82,"column":2}}},"5":{"name":"(anonymous_13)","decl":{"start":{"line":61,"column":53},"end":{"line":61,"column":null}},"loc":{"start":{"line":61,"column":53},"end":{"line":82,"column":1}}},"6":{"name":"(anonymous_14)","decl":{"start":{"line":89,"column":15},"end":{"line":89,"column":22}},"loc":{"start":{"line":89,"column":53},"end":{"line":109,"column":2}}},"7":{"name":"(anonymous_15)","decl":{"start":{"line":89,"column":53},"end":{"line":89,"column":null}},"loc":{"start":{"line":89,"column":53},"end":{"line":109,"column":1}}}},"branchMap":{"0":{"loc":{"start":{"line":15,"column":22},"end":{"line":15,"column":63}},"type":"binary-expr","locations":[{"start":{"line":15,"column":22},"end":{"line":15,"column":57}},{"start":{"line":15,"column":61},"end":{"line":15,"column":63}}]},"1":{"loc":{"start":{"line":16,"column":23},"end":{"line":16,"column":64}},"type":"binary-expr","locations":[{"start":{"line":16,"column":23},"end":{"line":16,"column":59}},{"start":{"line":16,"column":63},"end":{"line":16,"column":64}}]},"2":{"loc":{"start":{"line":17,"column":23},"end":{"line":17,"column":55}},"type":"binary-expr","locations":[{"start":{"line":17,"column":23},"end":{"line":17,"column":49}},{"start":{"line":17,"column":53},"end":{"line":17,"column":55}}]},"3":{"loc":{"start":{"line":40,"column":4},"end":{"line":46,"column":5}},"type":"if","locations":[{"start":{"line":40,"column":4},"end":{"line":46,"column":5}}]},"4":{"loc":{"start":{"line":40,"column":8},"end":{"line":40,"column":30}},"type":"binary-expr","locations":[{"start":{"line":40,"column":8},"end":{"line":40,"column":14}},{"start":{"line":40,"column":18},"end":{"line":40,"column":30}}]},"5":{"loc":{"start":{"line":65,"column":4},"end":{"line":71,"column":5}},"type":"if","locations":[{"start":{"line":65,"column":4},"end":{"line":71,"column":5}}]},"6":{"loc":{"start":{"line":65,"column":8},"end":{"line":65,"column":30}},"type":"binary-expr","locations":[{"start":{"line":65,"column":8},"end":{"line":65,"column":14}},{"start":{"line":65,"column":18},"end":{"line":65,"column":30}}]},"7":{"loc":{"start":{"line":75,"column":8},"end":{"line":77,"column":9}},"type":"if","locations":[{"start":{"line":75,"column":8},"end":{"line":77,"column":9}}]},"8":{"loc":{"start":{"line":95,"column":8},"end":{"line":97,"column":9}},"type":"if","locations":[{"start":{"line":95,"column":8},"end":{"line":97,"column":9}}]}},"s":{"0":1,"1":1,"2":1,"3":1,"4":1,"5":1,"6":1,"7":1,"8":1,"9":1,"10":0,"11":1,"12":1,"13":1,"14":1,"15":0,"16":1,"17":1,"18":1,"19":0,"20":1,"21":1,"22":1,"23":1,"24":1,"25":0,"26":1,"27":1,"28":1,"29":0,"30":1,"31":0,"32":1,"33":0,"34":0,"35":0,"36":0,"37":0,"38":0,"39":0,"40":0,"41":0,"42":1},"f":{"0":1,"1":1,"2":1,"3":1,"4":1,"5":1,"6":0,"7":0},"b":{"0":[1,1],"1":[1,1],"2":[1,1],"3":[0],"4":[1,1],"5":[0],"6":[1,0],"7":[0],"8":[0]}}
,"D:\\domain-test\\server\\src\\middlewares\\api-responses.ts": {"path":"D:\\domain-test\\server\\src\\middlewares\\api-responses.ts","statementMap":{"0":{"start":{"line":7,"column":20},"end":{"line":31,"column":2}},"1":{"start":{"line":15,"column":49},"end":{"line":19,"column":10}},"2":{"start":{"line":21,"column":8},"end":{"line":21,"column":46}},"3":{"start":{"line":24,"column":47},"end":{"line":27,"column":10}},"4":{"start":{"line":29,"column":8},"end":{"line":29,"column":46}},"5":{"start":{"line":33,"column":0},"end":{"line":33,"column":27}}},"fnMap":{"0":{"name":"(anonymous_0)","decl":{"start":{"line":8,"column":13},"end":{"line":8,"column":null}},"loc":{"start":{"line":14,"column":8},"end":{"line":22,"column":5}}},"1":{"name":"(anonymous_1)","decl":{"start":{"line":23,"column":11},"end":{"line":23,"column":12}},"loc":{"start":{"line":23,"column":72},"end":{"line":30,"column":5}}}},"branchMap":{"0":{"loc":{"start":{"line":13,"column":8},"end":{"line":13,"column":20}},"type":"default-arg","locations":[{"start":{"line":13,"column":17},"end":{"line":13,"column":20}}]},"1":{"loc":{"start":{"line":23,"column":56},"end":{"line":23,"column":68}},"type":"default-arg","locations":[{"start":{"line":23,"column":65},"end":{"line":23,"column":68}}]}},"s":{"0":1,"1":3,"2":3,"3":0,"4":0,"5":1},"f":{"0":3,"1":0},"b":{"0":[3],"1":[0]}}
,"D:\\domain-test\\server\\src\\models\\notes.ts": {"path":"D:\\domain-test\\server\\src\\models\\notes.ts","statementMap":{"0":{"start":{"line":1,"column":0},"end":{"line":1,"column":36}},"1":{"start":{"line":2,"column":0},"end":{"line":2,"column":38}},"2":{"start":{"line":9,"column":15},"end":{"line":74,"column":2}},"3":{"start":{"line":19,"column":5},"end":{"line":74,"column":2}},"4":{"start":{"line":20,"column":4},"end":{"line":73,"column":5}},"5":{"start":{"line":21,"column":23},"end":{"line":25,"column":25}},"6":{"start":{"line":27,"column":8},"end":{"line":69,"column":9}},"7":{"start":{"line":28,"column":12},"end":{"line":28,"column":40}},"8":{"start":{"line":29,"column":31},"end":{"line":31,"column":55}},"9":{"start":{"line":32,"column":37},"end":{"line":34,"column":61}},"10":{"start":{"line":36,"column":57},"end":{"line":39,"column":14}},"11":{"start":{"line":40,"column":33},"end":{"line":40,"column":35}},"12":{"start":{"line":43,"column":12},"end":{"line":45,"column":15}},"13":{"start":{"line":44,"column":16},"end":{"line":44,"column":60}},"14":{"start":{"line":48,"column":12},"end":{"line":53,"column":15}},"15":{"start":{"line":50,"column":16},"end":{"line":52,"column":17}},"16":{"start":{"line":50,"column":49},"end":{"line":50,"column":67}},"17":{"start":{"line":51,"column":20},"end":{"line":51,"column":64}},"18":{"start":{"line":55,"column":12},"end":{"line":55,"column":27}},"19":{"start":{"line":57,"column":29},"end":{"line":57,"column":49}},"20":{"start":{"line":59,"column":25},"end":{"line":67,"column":14}},"21":{"start":{"line":60,"column":32},"end":{"line":60,"column":42}},"22":{"start":{"line":61,"column":34},"end":{"line":61,"column":61}},"23":{"start":{"line":62,"column":16},"end":{"line":65,"column":null}},"24":{"start":{"line":68,"column":12},"end":{"line":68,"column":24}},"25":{"start":{"line":71,"column":8},"end":{"line":71,"column":23}},"26":{"start":{"line":72,"column":8},"end":{"line":72,"column":18}},"27":{"start":{"line":81,"column":16},"end":{"line":99,"column":2}},"28":{"start":{"line":81,"column":37},"end":{"line":99,"column":2}},"29":{"start":{"line":82,"column":4},"end":{"line":98,"column":5}},"30":{"start":{"line":83,"column":24},"end":{"line":83,"column":69}},"31":{"start":{"line":84,"column":21},"end":{"line":84,"column":40}},"32":{"start":{"line":86,"column":8},"end":{"line":88,"column":9}},"33":{"start":{"line":87,"column":12},"end":{"line":87,"column":24}},"34":{"start":{"line":90,"column":21},"end":{"line":90,"column":32}},"35":{"start":{"line":91,"column":8},"end":{"line":94,"column":null}},"36":{"start":{"line":97,"column":8},"end":{"line":97,"column":20}},"37":{"start":{"line":106,"column":15},"end":{"line":131,"column":2}},"38":{"start":{"line":112,"column":5},"end":{"line":131,"column":2}},"39":{"start":{"line":113,"column":4},"end":{"line":130,"column":5}},"40":{"start":{"line":114,"column":24},"end":{"line":118,"column":10}},"41":{"start":{"line":120,"column":24},"end":{"line":122,"column":25}},"42":{"start":{"line":124,"column":8},"end":{"line":126,"column":null}},"43":{"start":{"line":129,"column":8},"end":{"line":129,"column":20}},"44":{"start":{"line":138,"column":15},"end":{"line":161,"column":2}},"45":{"start":{"line":141,"column":4},"end":{"line":161,"column":2}},"46":{"start":{"line":142,"column":4},"end":{"line":160,"column":5}},"47":{"start":{"line":144,"column":35},"end":{"line":145,"column":null}},"48":{"start":{"line":145,"column":58},"end":{"line":145,"column":73}},"49":{"start":{"line":148,"column":24},"end":{"line":148,"column":69}},"50":{"start":{"line":149,"column":8},"end":{"line":149,"column":49}},"51":{"start":{"line":150,"column":28},"end":{"line":150,"column":47}},"52":{"start":{"line":152,"column":21},"end":{"line":152,"column":39}},"53":{"start":{"line":153,"column":8},"end":{"line":156,"column":null}},"54":{"start":{"line":159,"column":8},"end":{"line":159,"column":20}},"55":{"start":{"line":168,"column":15},"end":{"line":176,"column":2}},"56":{"start":{"line":168,"column":36},"end":{"line":176,"column":2}},"57":{"start":{"line":169,"column":4},"end":{"line":175,"column":5}},"58":{"start":{"line":170,"column":24},"end":{"line":170,"column":69}},"59":{"start":{"line":171,"column":8},"end":{"line":171,"column":31}},"60":{"start":{"line":172,"column":8},"end":{"line":172,"column":22}},"61":{"start":{"line":174,"column":8},"end":{"line":174,"column":20}},"62":{"start":{"line":178,"column":0},"end":{"line":178,"column":59}}},"fnMap":{"0":{"name":"(anonymous_8)","decl":{"start":{"line":9,"column":15},"end":{"line":9,"column":22}},"loc":{"start":{"line":19,"column":5},"end":{"line":74,"column":2}}},"1":{"name":"(anonymous_9)","decl":{"start":{"line":19,"column":5},"end":{"line":19,"column":null}},"loc":{"start":{"line":19,"column":1},"end":{"line":74,"column":1}}},"2":{"name":"(anonymous_10)","decl":{"start":{"line":43,"column":34},"end":{"line":43,"column":35}},"loc":{"start":{"line":43,"column":42},"end":{"line":45,"column":13}}},"3":{"name":"(anonymous_11)","decl":{"start":{"line":48,"column":40},"end":{"line":48,"column":41}},"loc":{"start":{"line":48,"column":48},"end":{"line":53,"column":13}}},"4":{"name":"(anonymous_12)","decl":{"start":{"line":50,"column":34},"end":{"line":50,"column":35}},"loc":{"start":{"line":50,"column":49},"end":{"line":50,"column":67}}},"5":{"name":"(anonymous_13)","decl":{"start":{"line":59,"column":43},"end":{"line":59,"column":44}},"loc":{"start":{"line":59,"column":56},"end":{"line":67,"column":13}}},"6":{"name":"(anonymous_14)","decl":{"start":{"line":81,"column":16},"end":{"line":81,"column":23}},"loc":{"start":{"line":81,"column":37},"end":{"line":99,"column":2}}},"7":{"name":"(anonymous_15)","decl":{"start":{"line":81,"column":37},"end":{"line":81,"column":null}},"loc":{"start":{"line":81,"column":37},"end":{"line":99,"column":1}}},"8":{"name":"(anonymous_16)","decl":{"start":{"line":106,"column":15},"end":{"line":106,"column":22}},"loc":{"start":{"line":112,"column":5},"end":{"line":131,"column":2}}},"9":{"name":"(anonymous_17)","decl":{"start":{"line":112,"column":5},"end":{"line":112,"column":null}},"loc":{"start":{"line":112,"column":1},"end":{"line":131,"column":1}}},"10":{"name":"(anonymous_18)","decl":{"start":{"line":138,"column":15},"end":{"line":138,"column":null}},"loc":{"start":{"line":141,"column":4},"end":{"line":161,"column":2}}},"11":{"name":"(anonymous_19)","decl":{"start":{"line":141,"column":4},"end":{"line":141,"column":null}},"loc":{"start":{"line":141,"column":4},"end":{"line":161,"column":1}}},"12":{"name":"(anonymous_20)","decl":{"start":{"line":145,"column":46},"end":{"line":145,"column":47}},"loc":{"start":{"line":145,"column":58},"end":{"line":145,"column":73}}},"13":{"name":"(anonymous_21)","decl":{"start":{"line":168,"column":15},"end":{"line":168,"column":22}},"loc":{"start":{"line":168,"column":36},"end":{"line":176,"column":2}}},"14":{"name":"(anonymous_22)","decl":{"start":{"line":168,"column":36},"end":{"line":168,"column":null}},"loc":{"start":{"line":168,"column":36},"end":{"line":176,"column":1}}}},"branchMap":{"0":{"loc":{"start":{"line":10,"column":4},"end":{"line":10,"column":14}},"type":"default-arg","locations":[{"start":{"line":10,"column":12},"end":{"line":10,"column":14}}]},"1":{"loc":{"start":{"line":11,"column":4},"end":{"line":11,"column":14}},"type":"default-arg","locations":[{"start":{"line":11,"column":13},"end":{"line":11,"column":14}}]},"2":{"loc":{"start":{"line":12,"column":4},"end":{"line":12,"column":17}},"type":"default-arg","locations":[{"start":{"line":12,"column":12},"end":{"line":12,"column":17}}]},"3":{"loc":{"start":{"line":13,"column":4},"end":{"line":13,"column":14}},"type":"default-arg","locations":[{"start":{"line":13,"column":12},"end":{"line":13,"column":14}}]},"4":{"loc":{"start":{"line":27,"column":8},"end":{"line":69,"column":9}},"type":"if","locations":[{"start":{"line":27,"column":8},"end":{"line":69,"column":9}},{"start":{"line":56,"column":15},"end":{"line":69,"column":9}}]},"5":{"loc":{"start":{"line":50,"column":16},"end":{"line":52,"column":17}},"type":"if","locations":[{"start":{"line":50,"column":16},"end":{"line":52,"column":17}}]},"6":{"loc":{"start":{"line":86,"column":8},"end":{"line":88,"column":9}},"type":"if","locations":[{"start":{"line":86,"column":8},"end":{"line":88,"column":9}}]},"7":{"loc":{"start":{"line":94,"column":24},"end":{"line":94,"column":49}},"type":"cond-expr","locations":[{"start":{"line":94,"column":28},"end":{"line":94,"column":30}},{"start":{"line":94,"column":24},"end":{"line":94,"column":49}}]},"8":{"loc":{"start":{"line":94,"column":24},"end":{"line":94,"column":30}},"type":"binary-expr","locations":[{"start":{"line":94,"column":24},"end":{"line":94,"column":30}},{"start":{"line":94,"column":24},"end":{"line":94,"column":30}}]},"9":{"loc":{"start":{"line":156,"column":24},"end":{"line":156,"column":49}},"type":"cond-expr","locations":[{"start":{"line":156,"column":28},"end":{"line":156,"column":30}},{"start":{"line":156,"column":24},"end":{"line":156,"column":49}}]},"10":{"loc":{"start":{"line":156,"column":24},"end":{"line":156,"column":30}},"type":"binary-expr","locations":[{"start":{"line":156,"column":24},"end":{"line":156,"column":30}},{"start":{"line":156,"column":24},"end":{"line":156,"column":30}}]}},"s":{"0":1,"1":1,"2":1,"3":1,"4":1,"5":1,"6":1,"7":0,"8":0,"9":0,"10":0,"11":0,"12":0,"13":0,"14":0,"15":0,"16":0,"17":0,"18":0,"19":1,"20":1,"21":10,"22":10,"23":10,"24":1,"25":0,"26":0,"27":1,"28":0,"29":0,"30":0,"31":0,"32":0,"33":0,"34":0,"35":0,"36":0,"37":1,"38":1,"39":1,"40":1,"41":1,"42":1,"43":0,"44":1,"45":1,"46":1,"47":1,"48":2,"49":1,"50":1,"51":1,"52":1,"53":1,"54":0,"55":1,"56":0,"57":0,"58":0,"59":0,"60":0,"61":0,"62":1},"f":{"0":1,"1":1,"2":0,"3":0,"4":0,"5":10,"6":0,"7":0,"8":1,"9":1,"10":1,"11":1,"12":2,"13":0,"14":0},"b":{"0":[0],"1":[0],"2":[0],"3":[0],"4":[0,1],"5":[0],"6":[0],"7":[0,0],"8":[0,0],"9":[0,1],"10":[1,1]}}
,"D:\\domain-test\\server\\src\\routes\\index.ts": {"path":"D:\\domain-test\\server\\src\\routes\\index.ts","statementMap":{"0":{"start":{"line":1,"column":16},"end":{"line":1,"column":34}},"1":{"start":{"line":2,"column":14},"end":{"line":2,"column":40}},"2":{"start":{"line":3,"column":15},"end":{"line":3,"column":31}},"3":{"start":{"line":6,"column":0},"end":{"line":6,"column":18}},"4":{"start":{"line":8,"column":0},"end":{"line":8,"column":22}}},"fnMap":{},"branchMap":{},"s":{"0":1,"1":1,"2":1,"3":1,"4":1},"f":{},"b":{}}
,"D:\\domain-test\\server\\src\\routes\\notes.ts": {"path":"D:\\domain-test\\server\\src\\routes\\notes.ts","statementMap":{"0":{"start":{"line":1,"column":19},"end":{"line":1,"column":37}},"1":{"start":{"line":3,"column":0},"end":{"line":3,"column":45}},"2":{"start":{"line":6,"column":15},"end":{"line":6,"column":23}},"3":{"start":{"line":9,"column":0},"end":{"line":9,"column":39}},"4":{"start":{"line":10,"column":0},"end":{"line":10,"column":40}},"5":{"start":{"line":11,"column":0},"end":{"line":11,"column":43}},"6":{"start":{"line":12,"column":0},"end":{"line":12,"column":46}},"7":{"start":{"line":14,"column":0},"end":{"line":14,"column":24}}},"fnMap":{},"branchMap":{},"s":{"0":1,"1":1,"2":1,"3":1,"4":1,"5":1,"6":1,"7":1},"f":{},"b":{}}
}
