TN:
SF:src\app.ts
FN:15,(anonymous_1)
FNF:1
FNH:1
FNDA:1,(anonymous_1)
DA:1,1
DA:2,1
DA:3,1
DA:5,1
DA:6,1
DA:9,1
DA:10,1
DA:13,1
DA:15,1
DA:16,1
DA:19,1
LF:11
LH:11
BRF:0
BRH:0
end_of_record
TN:
SF:src\config\config.ts
FNF:0
FNH:0
DA:1,1
DA:6,1
LF:2
LH:2
BRF:0
BRH:0
end_of_record
TN:
SF:src\config\firebase.ts
FNF:0
FNH:0
DA:1,1
DA:4,1
DA:6,1
DA:8,1
DA:12,1
DA:14,1
LF:6
LH:6
BRF:0
BRH:0
end_of_record
TN:
SF:src\controllers\notes.ts
FN:13,(anonymous_8)
FN:13,(anonymous_9)
FN:37,(anonymous_10)
FN:37,(anonymous_11)
FN:61,(anonymous_12)
FN:61,(anonymous_13)
FN:89,(anonymous_14)
FN:89,(anonymous_15)
FNF:8
FNH:6
FNDA:1,(anonymous_8)
FNDA:1,(anonymous_9)
FNDA:1,(anonymous_10)
FNDA:1,(anonymous_11)
FNDA:1,(anonymous_12)
FNDA:1,(anonymous_13)
FNDA:0,(anonymous_14)
FNDA:0,(anonymous_15)
DA:1,1
DA:5,1
DA:13,1
DA:14,1
DA:15,1
DA:16,1
DA:17,1
DA:19,1
DA:26,1
DA:28,0
DA:37,1
DA:38,1
DA:40,1
DA:41,0
DA:48,1
DA:49,1
DA:50,1
DA:52,0
DA:61,1
DA:62,1
DA:63,1
DA:65,1
DA:66,0
DA:73,1
DA:74,1
DA:75,1
DA:76,0
DA:78,1
DA:80,0
DA:89,1
DA:90,0
DA:92,0
DA:93,0
DA:95,0
DA:96,0
DA:99,0
DA:100,0
DA:107,0
DA:111,1
LF:39
LH:25
BRDA:15,0,0,1
BRDA:15,0,1,1
BRDA:16,1,0,1
BRDA:16,1,1,1
BRDA:17,2,0,1
BRDA:17,2,1,1
BRDA:40,3,0,0
BRDA:40,4,0,1
BRDA:40,4,1,1
BRDA:65,5,0,0
BRDA:65,6,0,1
BRDA:65,6,1,0
BRDA:75,7,0,0
BRDA:95,8,0,0
BRF:14
BRH:9
end_of_record
TN:
SF:src\middlewares\api-responses.ts
FN:8,(anonymous_0)
FN:23,(anonymous_1)
FNF:2
FNH:1
FNDA:3,(anonymous_0)
FNDA:0,(anonymous_1)
DA:7,1
DA:15,3
DA:21,3
DA:24,0
DA:29,0
DA:33,1
LF:6
LH:4
BRDA:13,0,0,3
BRDA:23,1,0,0
BRF:2
BRH:1
end_of_record
TN:
SF:src\models\notes.ts
FN:9,(anonymous_8)
FN:19,(anonymous_9)
FN:43,(anonymous_10)
FN:48,(anonymous_11)
FN:50,(anonymous_12)
FN:59,(anonymous_13)
FN:81,(anonymous_14)
FN:81,(anonymous_15)
FN:106,(anonymous_16)
FN:112,(anonymous_17)
FN:138,(anonymous_18)
FN:141,(anonymous_19)
FN:145,(anonymous_20)
FN:168,(anonymous_21)
FN:168,(anonymous_22)
FNF:15
FNH:8
FNDA:1,(anonymous_8)
FNDA:1,(anonymous_9)
FNDA:0,(anonymous_10)
FNDA:0,(anonymous_11)
FNDA:0,(anonymous_12)
FNDA:10,(anonymous_13)
FNDA:0,(anonymous_14)
FNDA:0,(anonymous_15)
FNDA:1,(anonymous_16)
FNDA:1,(anonymous_17)
FNDA:1,(anonymous_18)
FNDA:1,(anonymous_19)
FNDA:2,(anonymous_20)
FNDA:0,(anonymous_21)
FNDA:0,(anonymous_22)
DA:1,1
DA:2,1
DA:9,1
DA:19,1
DA:20,1
DA:21,1
DA:27,1
DA:28,0
DA:29,0
DA:32,0
DA:36,0
DA:40,0
DA:43,0
DA:44,0
DA:48,0
DA:50,0
DA:51,0
DA:55,0
DA:57,1
DA:59,1
DA:60,10
DA:61,10
DA:62,10
DA:68,1
DA:71,0
DA:72,0
DA:81,1
DA:82,0
DA:83,0
DA:84,0
DA:86,0
DA:87,0
DA:90,0
DA:91,0
DA:97,0
DA:106,1
DA:112,1
DA:113,1
DA:114,1
DA:120,1
DA:124,1
DA:129,0
DA:138,1
DA:141,1
DA:142,1
DA:144,1
DA:145,2
DA:148,1
DA:149,1
DA:150,1
DA:152,1
DA:153,1
DA:159,0
DA:168,1
DA:169,0
DA:170,0
DA:171,0
DA:172,0
DA:174,0
DA:178,1
LF:60
LH:32
BRDA:10,0,0,0
BRDA:11,1,0,0
BRDA:12,2,0,0
BRDA:13,3,0,0
BRDA:27,4,0,0
BRDA:27,4,1,1
BRDA:50,5,0,0
BRDA:86,6,0,0
BRDA:94,7,0,0
BRDA:94,7,1,0
BRDA:94,8,0,0
BRDA:94,8,1,0
BRDA:156,9,0,0
BRDA:156,9,1,1
BRDA:156,10,0,1
BRDA:156,10,1,1
BRF:16
BRH:4
end_of_record
TN:
SF:src\routes\index.ts
FNF:0
FNH:0
DA:1,1
DA:2,1
DA:3,1
DA:6,1
DA:8,1
LF:5
LH:5
BRF:0
BRH:0
end_of_record
TN:
SF:src\routes\notes.ts
FNF:0
FNH:0
DA:1,1
DA:3,1
DA:6,1
DA:9,1
DA:10,1
DA:11,1
DA:12,1
DA:14,1
LF:8
LH:8
BRF:0
BRH:0
end_of_record
